2022-11-15 08:55:49,838 INFO org.springframework.orm.jpa.AbstractEntityManagerFactoryBean "trace": "" "span": "" [SpringApplicationShutdownHook] Closing JPA EntityManagerFactory for persistence unit 'default'
2022-11-15 10:33:10,113 INFO org.springframework.boot.StartupInfoLogger "trace": "" "span": "" [restartedMain] Starting MemberApplication using Java 17.0.4.1 on T00LNRECC with PID 19040 (D:\Dev\Repository\PocArchitectureNico\member\target\classes started by T00NRECC in D:\Dev\Repository\PocArchitectureNico\member)
2022-11-15 10:33:10,114 INFO org.springframework.boot.SpringApplication "trace": "" "span": "" [restartedMain] No active profile set, falling back to 1 default profile: "default"
2022-11-15 10:33:10,145 INFO org.springframework.boot.logging.DeferredLog "trace": "" "span": "" [restartedMain] The Class-Path manifest attribute in D:\Dev\tools\apache-maven-3.6.3\.m2\repository\com\ibm\db2\jcc\11.5.7.0\jcc-11.5.7.0.jar referenced one or more files that do not exist: file:/D:/Dev/tools/apache-maven-3.6.3/.m2/repository/com/ibm/db2/jcc/11.5.7.0/pdq.jar
2022-11-15 10:33:10,145 INFO org.springframework.boot.logging.DeferredLog "trace": "" "span": "" [restartedMain] Devtools property defaults active! Set 'spring.devtools.add-properties' to 'false' to disable
2022-11-15 10:33:10,145 INFO org.springframework.boot.logging.DeferredLog "trace": "" "span": "" [restartedMain] For additional web related logging consider setting the 'logging.level.web' property to 'DEBUG'
2022-11-15 10:33:10,706 INFO org.springframework.data.repository.config.RepositoryConfigurationDelegate "trace": "" "span": "" [restartedMain] Bootstrapping Spring Data JPA repositories in DEFAULT mode.
2022-11-15 10:33:10,752 INFO org.springframework.data.repository.config.RepositoryConfigurationDelegate "trace": "" "span": "" [restartedMain] Finished Spring Data repository scanning in 35 ms. Found 3 JPA repository interfaces.
2022-11-15 10:33:11,092 INFO org.springframework.cloud.context.scope.GenericScope "trace": "" "span": "" [restartedMain] BeanFactory id=72011bc6-e0a6-3dbc-94b8-e18d0185485c
2022-11-15 10:33:11,758 INFO org.springframework.boot.web.embedded.tomcat.TomcatWebServer "trace": "" "span": "" [restartedMain] Tomcat initialized with port(s): 8080 (http)
2022-11-15 10:33:11,766 INFO org.apache.juli.logging.DirectJDKLog "trace": "" "span": "" [restartedMain] Initializing ProtocolHandler ["http-nio-8080"]
2022-11-15 10:33:11,766 INFO org.apache.juli.logging.DirectJDKLog "trace": "" "span": "" [restartedMain] Starting service [Tomcat]
2022-11-15 10:33:11,766 INFO org.apache.juli.logging.DirectJDKLog "trace": "" "span": "" [restartedMain] Starting Servlet engine: [Apache Tomcat/9.0.68]
2022-11-15 10:33:11,830 INFO org.apache.juli.logging.DirectJDKLog "trace": "" "span": "" [restartedMain] Initializing Spring embedded WebApplicationContext
2022-11-15 10:33:11,830 INFO org.springframework.boot.web.servlet.context.ServletWebServerApplicationContext "trace": "" "span": "" [restartedMain] Root WebApplicationContext: initialization completed in 1684 ms
2022-11-15 10:33:16,241 INFO org.hibernate.jpa.internal.util.LogHelper "trace": "" "span": "" [restartedMain] HHH000204: Processing PersistenceUnitInfo [name: default]
2022-11-15 10:33:16,303 INFO org.hibernate.Version "trace": "" "span": "" [restartedMain] HHH000412: Hibernate ORM core version 5.4.22.Final
2022-11-15 10:33:16,453 INFO org.hibernate.annotations.common.reflection.java.JavaReflectionManager "trace": "" "span": "" [restartedMain] HCANN000001: Hibernate Commons Annotations {5.1.0.Final}
2022-11-15 10:33:16,851 INFO org.hibernate.dialect.Dialect "trace": "" "span": "" [restartedMain] HHH000400: Using dialect: org.hibernate.dialect.DB2400Dialect
2022-11-15 10:34:09,399 INFO org.hibernate.engine.transaction.jta.platform.internal.JtaPlatformInitiator "trace": "" "span": "" [restartedMain] HHH000490: Using JtaPlatform implementation: [org.hibernate.engine.transaction.jta.platform.internal.NoJtaPlatform]
2022-11-15 10:34:09,411 INFO org.springframework.orm.jpa.AbstractEntityManagerFactoryBean "trace": "" "span": "" [restartedMain] Initialized JPA EntityManagerFactory for persistence unit 'default'
2022-11-15 10:34:09,672 WARN org.hibernate.dialect.function.TemplateRenderer "trace": "" "span": "" [restartedMain] HHH000174: Function template anticipated 4 arguments, but 1 arguments encountered
2022-11-15 10:34:09,673 WARN org.hibernate.dialect.function.TemplateRenderer "trace": "" "span": "" [restartedMain] HHH000174: Function template anticipated 4 arguments, but 1 arguments encountered
2022-11-15 10:34:09,673 WARN org.hibernate.dialect.function.TemplateRenderer "trace": "" "span": "" [restartedMain] HHH000174: Function template anticipated 4 arguments, but 1 arguments encountered
2022-11-15 10:34:09,673 WARN org.hibernate.dialect.function.TemplateRenderer "trace": "" "span": "" [restartedMain] HHH000174: Function template anticipated 4 arguments, but 1 arguments encountered
2022-11-15 10:34:10,004 WARN org.springframework.boot.autoconfigure.orm.jpa.JpaBaseConfiguration$JpaWebConfiguration "trace": "" "span": "" [restartedMain] spring.jpa.open-in-view is enabled by default. Therefore, database queries may be performed during view rendering. Explicitly configure spring.jpa.open-in-view to disable this warning
2022-11-15 10:34:10,142 WARN org.hibernate.dialect.function.TemplateRenderer "trace": "" "span": "" [restartedMain] HHH000174: Function template anticipated 4 arguments, but 1 arguments encountered
2022-11-15 10:34:10,142 WARN org.hibernate.dialect.function.TemplateRenderer "trace": "" "span": "" [restartedMain] HHH000174: Function template anticipated 4 arguments, but 1 arguments encountered
2022-11-15 10:34:10,147 WARN org.springframework.security.core.userdetails.User "trace": "" "span": "" [restartedMain] User.withDefaultPasswordEncoder() is considered unsafe for production and is only intended for sample applications.
2022-11-15 10:34:10,421 INFO org.springframework.boot.devtools.autoconfigure.OptionalLiveReloadServer "trace": "" "span": "" [restartedMain] LiveReload server is running on port 35729
2022-11-15 10:34:10,857 INFO org.apache.juli.logging.DirectJDKLog "trace": "" "span": "" [restartedMain] Starting ProtocolHandler ["http-nio-8080"]
2022-11-15 10:34:10,871 INFO org.springframework.boot.web.embedded.tomcat.TomcatWebServer "trace": "" "span": "" [restartedMain] Tomcat started on port(s): 8080 (http) with context path '/bali/services'
2022-11-15 10:34:11,091 INFO org.springframework.boot.StartupInfoLogger "trace": "" "span": "" [restartedMain] Started MemberApplication in 61.414 seconds (JVM running for 62.058)
2022-11-15 10:38:37,902 INFO org.apache.juli.logging.DirectJDKLog "trace": "4bbe202401be53d5" "span": "4bbe202401be53d5" [http-nio-8080-exec-5] Initializing Spring DispatcherServlet 'dispatcherServlet'
2022-11-15 10:38:37,903 INFO org.springframework.web.servlet.FrameworkServlet "trace": "4bbe202401be53d5" "span": "4bbe202401be53d5" [http-nio-8080-exec-5] Initializing Servlet 'dispatcherServlet'
2022-11-15 10:38:37,904 INFO org.springframework.web.servlet.FrameworkServlet "trace": "4bbe202401be53d5" "span": "4bbe202401be53d5" [http-nio-8080-exec-5] Completed initialization in 1 ms
2022-11-15 10:38:37,907 INFO be.abvv.bali.member.filter.CommonFacadeFilter "trace": "4bbe202401be53d5" "span": "4bbe202401be53d5" [http-nio-8080-exec-5] Hello from: 0:0:0:0:0:0:0:1
2022-11-15 10:38:38,290 WARN org.hibernate.engine.jdbc.spi.SqlExceptionHelper$StandardWarningHandler "trace": "4bbe202401be53d5" "span": "4bbe202401be53d5" [http-nio-8080-exec-5] SQL Warning Code: 1301, SQLState: HY001
2022-11-15 10:38:38,291 WARN org.hibernate.engine.jdbc.spi.SqlExceptionHelper$StandardWarningHandler "trace": "4bbe202401be53d5" "span": "4bbe202401be53d5" [http-nio-8080-exec-5] [PWS0082] 1 bibliothèque(s) non ajoutée(s) à la liste des bibliothèques.
2022-11-15 10:39:49,752 INFO be.abvv.bali.member.filter.CommonFacadeFilter "trace": "f03f417f396cc7f8" "span": "f03f417f396cc7f8" [http-nio-8080-exec-8] Hello from: 0:0:0:0:0:0:0:1
2022-11-15 10:39:55,434 INFO be.abvv.bali.member.filter.CommonFacadeFilter "trace": "c9b30acc32eb6f98" "span": "c9b30acc32eb6f98" [http-nio-8080-exec-9] Hello from: 0:0:0:0:0:0:0:1
2022-11-15 10:40:01,176 INFO be.abvv.bali.member.filter.CommonFacadeFilter "trace": "740f19fe57e6f4ff" "span": "740f19fe57e6f4ff" [http-nio-8080-exec-7] Hello from: 0:0:0:0:0:0:0:1
2022-11-15 10:40:42,148 INFO be.abvv.bali.member.filter.CommonFacadeFilter "trace": "799d20349bb6be6c" "span": "799d20349bb6be6c" [http-nio-8080-exec-2] Hello from: 0:0:0:0:0:0:0:1
2022-11-15 10:40:42,452 WARN org.hibernate.engine.jdbc.spi.SqlExceptionHelper$StandardWarningHandler "trace": "799d20349bb6be6c" "span": "799d20349bb6be6c" [http-nio-8080-exec-2] SQL Warning Code: 1301, SQLState: HY001
2022-11-15 10:40:42,452 WARN org.hibernate.engine.jdbc.spi.SqlExceptionHelper$StandardWarningHandler "trace": "799d20349bb6be6c" "span": "799d20349bb6be6c" [http-nio-8080-exec-2] [PWS0082] 1 bibliothèque(s) non ajoutée(s) à la liste des bibliothèques.
2022-11-15 10:40:46,292 INFO be.abvv.bali.member.filter.CommonFacadeFilter "trace": "3d1b8b405f09f9d6" "span": "3d1b8b405f09f9d6" [http-nio-8080-exec-3] Hello from: 0:0:0:0:0:0:0:1
2022-11-15 10:40:46,584 WARN org.hibernate.engine.jdbc.spi.SqlExceptionHelper$StandardWarningHandler "trace": "3d1b8b405f09f9d6" "span": "3d1b8b405f09f9d6" [http-nio-8080-exec-3] SQL Warning Code: 1301, SQLState: HY001
2022-11-15 10:40:46,585 WARN org.hibernate.engine.jdbc.spi.SqlExceptionHelper$StandardWarningHandler "trace": "3d1b8b405f09f9d6" "span": "3d1b8b405f09f9d6" [http-nio-8080-exec-3] [PWS0082] 1 bibliothèque(s) non ajoutée(s) à la liste des bibliothèques.
2022-11-15 10:40:57,013 INFO be.abvv.bali.member.filter.CommonFacadeFilter "trace": "e2f02277c12647e9" "span": "e2f02277c12647e9" [http-nio-8080-exec-5] Hello from: 0:0:0:0:0:0:0:1
2022-11-15 10:40:57,286 WARN org.hibernate.engine.jdbc.spi.SqlExceptionHelper$StandardWarningHandler "trace": "e2f02277c12647e9" "span": "e2f02277c12647e9" [http-nio-8080-exec-5] SQL Warning Code: 1301, SQLState: HY001
2022-11-15 10:40:57,287 WARN org.hibernate.engine.jdbc.spi.SqlExceptionHelper$StandardWarningHandler "trace": "e2f02277c12647e9" "span": "e2f02277c12647e9" [http-nio-8080-exec-5] [PWS0082] 1 bibliothèque(s) non ajoutée(s) à la liste des bibliothèques.
2022-11-15 10:41:22,176 INFO org.springframework.orm.jpa.AbstractEntityManagerFactoryBean "trace": "" "span": "" [SpringApplicationShutdownHook] Closing JPA EntityManagerFactory for persistence unit 'default'
2022-11-15 10:41:25,295 INFO org.springframework.boot.StartupInfoLogger "trace": "" "span": "" [restartedMain] Starting MemberApplication using Java 17.0.4.1 on T00LNRECC with PID 4484 (D:\Dev\Repository\PocArchitectureNico\member\target\classes started by T00NRECC in D:\Dev\Repository\PocArchitectureNico\member)
2022-11-15 10:41:25,296 INFO org.springframework.boot.SpringApplication "trace": "" "span": "" [restartedMain] No active profile set, falling back to 1 default profile: "default"
2022-11-15 10:41:25,334 INFO org.springframework.boot.logging.DeferredLog "trace": "" "span": "" [restartedMain] The Class-Path manifest attribute in D:\Dev\tools\apache-maven-3.6.3\.m2\repository\com\ibm\db2\jcc\11.5.7.0\jcc-11.5.7.0.jar referenced one or more files that do not exist: file:/D:/Dev/tools/apache-maven-3.6.3/.m2/repository/com/ibm/db2/jcc/11.5.7.0/pdq.jar
2022-11-15 10:41:25,334 INFO org.springframework.boot.logging.DeferredLog "trace": "" "span": "" [restartedMain] Devtools property defaults active! Set 'spring.devtools.add-properties' to 'false' to disable
2022-11-15 10:41:25,335 INFO org.springframework.boot.logging.DeferredLog "trace": "" "span": "" [restartedMain] For additional web related logging consider setting the 'logging.level.web' property to 'DEBUG'
2022-11-15 10:41:25,832 INFO org.springframework.data.repository.config.RepositoryConfigurationDelegate "trace": "" "span": "" [restartedMain] Bootstrapping Spring Data JPA repositories in DEFAULT mode.
2022-11-15 10:41:25,863 INFO org.springframework.data.repository.config.RepositoryConfigurationDelegate "trace": "" "span": "" [restartedMain] Finished Spring Data repository scanning in 26 ms. Found 3 JPA repository interfaces.
2022-11-15 10:41:26,145 INFO org.springframework.cloud.context.scope.GenericScope "trace": "" "span": "" [restartedMain] BeanFactory id=72011bc6-e0a6-3dbc-94b8-e18d0185485c
2022-11-15 10:41:26,691 INFO org.springframework.boot.web.embedded.tomcat.TomcatWebServer "trace": "" "span": "" [restartedMain] Tomcat initialized with port(s): 8080 (http)
2022-11-15 10:41:26,697 INFO org.apache.juli.logging.DirectJDKLog "trace": "" "span": "" [restartedMain] Initializing ProtocolHandler ["http-nio-8080"]
2022-11-15 10:41:26,697 INFO org.apache.juli.logging.DirectJDKLog "trace": "" "span": "" [restartedMain] Starting service [Tomcat]
2022-11-15 10:41:26,697 INFO org.apache.juli.logging.DirectJDKLog "trace": "" "span": "" [restartedMain] Starting Servlet engine: [Apache Tomcat/9.0.68]
2022-11-15 10:41:26,764 INFO org.apache.juli.logging.DirectJDKLog "trace": "" "span": "" [restartedMain] Initializing Spring embedded WebApplicationContext
2022-11-15 10:41:26,764 INFO org.springframework.boot.web.servlet.context.ServletWebServerApplicationContext "trace": "" "span": "" [restartedMain] Root WebApplicationContext: initialization completed in 1429 ms
2022-11-15 10:41:30,667 INFO org.hibernate.jpa.internal.util.LogHelper "trace": "" "span": "" [restartedMain] HHH000204: Processing PersistenceUnitInfo [name: default]
2022-11-15 10:41:30,700 INFO org.hibernate.Version "trace": "" "span": "" [restartedMain] HHH000412: Hibernate ORM core version 5.4.22.Final
2022-11-15 10:41:30,823 INFO org.hibernate.annotations.common.reflection.java.JavaReflectionManager "trace": "" "span": "" [restartedMain] HCANN000001: Hibernate Commons Annotations {5.1.0.Final}
2022-11-15 10:41:31,179 INFO org.hibernate.dialect.Dialect "trace": "" "span": "" [restartedMain] HHH000400: Using dialect: org.hibernate.dialect.DB2400Dialect
2022-11-15 10:42:27,077 INFO org.hibernate.engine.transaction.jta.platform.internal.JtaPlatformInitiator "trace": "" "span": "" [restartedMain] HHH000490: Using JtaPlatform implementation: [org.hibernate.engine.transaction.jta.platform.internal.NoJtaPlatform]
2022-11-15 10:42:27,088 INFO org.springframework.orm.jpa.AbstractEntityManagerFactoryBean "trace": "" "span": "" [restartedMain] Initialized JPA EntityManagerFactory for persistence unit 'default'
2022-11-15 10:42:27,440 WARN org.hibernate.dialect.function.TemplateRenderer "trace": "" "span": "" [restartedMain] HHH000174: Function template anticipated 4 arguments, but 1 arguments encountered
2022-11-15 10:42:27,440 WARN org.hibernate.dialect.function.TemplateRenderer "trace": "" "span": "" [restartedMain] HHH000174: Function template anticipated 4 arguments, but 1 arguments encountered
2022-11-15 10:42:27,440 WARN org.hibernate.dialect.function.TemplateRenderer "trace": "" "span": "" [restartedMain] HHH000174: Function template anticipated 4 arguments, but 1 arguments encountered
2022-11-15 10:42:27,440 WARN org.hibernate.dialect.function.TemplateRenderer "trace": "" "span": "" [restartedMain] HHH000174: Function template anticipated 4 arguments, but 1 arguments encountered
2022-11-15 10:42:27,959 WARN org.springframework.boot.autoconfigure.orm.jpa.JpaBaseConfiguration$JpaWebConfiguration "trace": "" "span": "" [restartedMain] spring.jpa.open-in-view is enabled by default. Therefore, database queries may be performed during view rendering. Explicitly configure spring.jpa.open-in-view to disable this warning
2022-11-15 10:42:28,134 WARN org.hibernate.dialect.function.TemplateRenderer "trace": "" "span": "" [restartedMain] HHH000174: Function template anticipated 4 arguments, but 1 arguments encountered
2022-11-15 10:42:28,135 WARN org.hibernate.dialect.function.TemplateRenderer "trace": "" "span": "" [restartedMain] HHH000174: Function template anticipated 4 arguments, but 1 arguments encountered
2022-11-15 10:42:28,141 WARN org.springframework.security.core.userdetails.User "trace": "" "span": "" [restartedMain] User.withDefaultPasswordEncoder() is considered unsafe for production and is only intended for sample applications.
2022-11-15 10:42:28,479 INFO org.springframework.boot.devtools.autoconfigure.OptionalLiveReloadServer "trace": "" "span": "" [restartedMain] LiveReload server is running on port 35729
2022-11-15 10:42:28,977 INFO org.apache.juli.logging.DirectJDKLog "trace": "" "span": "" [restartedMain] Starting ProtocolHandler ["http-nio-8080"]
2022-11-15 10:42:29,001 INFO org.springframework.boot.web.embedded.tomcat.TomcatWebServer "trace": "" "span": "" [restartedMain] Tomcat started on port(s): 8080 (http) with context path '/bali/services'
2022-11-15 10:42:29,274 INFO org.springframework.boot.StartupInfoLogger "trace": "" "span": "" [restartedMain] Started MemberApplication in 64.394 seconds (JVM running for 64.974)
2022-11-15 10:43:21,393 INFO org.apache.juli.logging.DirectJDKLog "trace": "09da7b5084bea9c7" "span": "09da7b5084bea9c7" [http-nio-8080-exec-7] Initializing Spring DispatcherServlet 'dispatcherServlet'
2022-11-15 10:43:21,394 INFO org.springframework.web.servlet.FrameworkServlet "trace": "09da7b5084bea9c7" "span": "09da7b5084bea9c7" [http-nio-8080-exec-7] Initializing Servlet 'dispatcherServlet'
2022-11-15 10:43:21,395 INFO org.springframework.web.servlet.FrameworkServlet "trace": "09da7b5084bea9c7" "span": "09da7b5084bea9c7" [http-nio-8080-exec-7] Completed initialization in 1 ms
2022-11-15 10:43:21,400 INFO be.abvv.bali.member.filter.CommonFacadeFilter "trace": "09da7b5084bea9c7" "span": "09da7b5084bea9c7" [http-nio-8080-exec-7] Hello from: 0:0:0:0:0:0:0:1
2022-11-15 10:43:21,803 WARN org.hibernate.engine.jdbc.spi.SqlExceptionHelper$StandardWarningHandler "trace": "09da7b5084bea9c7" "span": "09da7b5084bea9c7" [http-nio-8080-exec-7] SQL Warning Code: 1301, SQLState: HY001
2022-11-15 10:43:21,804 WARN org.hibernate.engine.jdbc.spi.SqlExceptionHelper$StandardWarningHandler "trace": "09da7b5084bea9c7" "span": "09da7b5084bea9c7" [http-nio-8080-exec-7] [PWS0082] 1 bibliothèque(s) non ajoutée(s) à la liste des bibliothèques.
2022-11-15 10:47:28,265 INFO org.springframework.orm.jpa.AbstractEntityManagerFactoryBean "trace": "" "span": "" [SpringApplicationShutdownHook] Closing JPA EntityManagerFactory for persistence unit 'default'
2022-11-15 12:08:31,479 INFO org.springframework.boot.StartupInfoLogger "trace": "" "span": "" [restartedMain] Starting MemberApplication using Java 17.0.4.1 on T00LNRECC with PID 23688 (D:\Dev\Repository\PocArchitectureNico\member\target\classes started by T00NRECC in D:\Dev\Repository\PocArchitectureNico\member)
2022-11-15 12:08:31,480 INFO org.springframework.boot.SpringApplication "trace": "" "span": "" [restartedMain] No active profile set, falling back to 1 default profile: "default"
2022-11-15 12:08:31,513 INFO org.springframework.boot.logging.DeferredLog "trace": "" "span": "" [restartedMain] The Class-Path manifest attribute in D:\Dev\tools\apache-maven-3.6.3\.m2\repository\com\ibm\db2\jcc\11.5.7.0\jcc-11.5.7.0.jar referenced one or more files that do not exist: file:/D:/Dev/tools/apache-maven-3.6.3/.m2/repository/com/ibm/db2/jcc/11.5.7.0/pdq.jar
2022-11-15 12:08:31,513 INFO org.springframework.boot.logging.DeferredLog "trace": "" "span": "" [restartedMain] Devtools property defaults active! Set 'spring.devtools.add-properties' to 'false' to disable
2022-11-15 12:08:31,513 INFO org.springframework.boot.logging.DeferredLog "trace": "" "span": "" [restartedMain] For additional web related logging consider setting the 'logging.level.web' property to 'DEBUG'
2022-11-15 12:08:33,352 INFO org.springframework.data.repository.config.RepositoryConfigurationDelegate "trace": "" "span": "" [restartedMain] Bootstrapping Spring Data JPA repositories in DEFAULT mode.
2022-11-15 12:08:33,392 INFO org.springframework.data.repository.config.RepositoryConfigurationDelegate "trace": "" "span": "" [restartedMain] Finished Spring Data repository scanning in 33 ms. Found 3 JPA repository interfaces.
2022-11-15 12:08:33,818 INFO org.springframework.cloud.context.scope.GenericScope "trace": "" "span": "" [restartedMain] BeanFactory id=72011bc6-e0a6-3dbc-94b8-e18d0185485c
2022-11-15 12:08:34,605 INFO org.springframework.boot.web.embedded.tomcat.TomcatWebServer "trace": "" "span": "" [restartedMain] Tomcat initialized with port(s): 8080 (http)
2022-11-15 12:08:34,612 INFO org.apache.juli.logging.DirectJDKLog "trace": "" "span": "" [restartedMain] Initializing ProtocolHandler ["http-nio-8080"]
2022-11-15 12:08:34,612 INFO org.apache.juli.logging.DirectJDKLog "trace": "" "span": "" [restartedMain] Starting service [Tomcat]
2022-11-15 12:08:34,612 INFO org.apache.juli.logging.DirectJDKLog "trace": "" "span": "" [restartedMain] Starting Servlet engine: [Apache Tomcat/9.0.68]
2022-11-15 12:08:34,691 INFO org.apache.juli.logging.DirectJDKLog "trace": "" "span": "" [restartedMain] Initializing Spring embedded WebApplicationContext
2022-11-15 12:08:34,691 INFO org.springframework.boot.web.servlet.context.ServletWebServerApplicationContext "trace": "" "span": "" [restartedMain] Root WebApplicationContext: initialization completed in 3177 ms
2022-11-15 12:08:39,004 INFO org.hibernate.jpa.internal.util.LogHelper "trace": "" "span": "" [restartedMain] HHH000204: Processing PersistenceUnitInfo [name: default]
2022-11-15 12:08:39,049 INFO org.hibernate.Version "trace": "" "span": "" [restartedMain] HHH000412: Hibernate ORM core version 5.4.22.Final
2022-11-15 12:08:39,171 INFO org.hibernate.annotations.common.reflection.java.JavaReflectionManager "trace": "" "span": "" [restartedMain] HCANN000001: Hibernate Commons Annotations {5.1.0.Final}
2022-11-15 12:08:39,742 INFO org.hibernate.dialect.Dialect "trace": "" "span": "" [restartedMain] HHH000400: Using dialect: org.hibernate.dialect.DB2400Dialect
2022-11-15 12:09:35,655 INFO org.hibernate.engine.transaction.jta.platform.internal.JtaPlatformInitiator "trace": "" "span": "" [restartedMain] HHH000490: Using JtaPlatform implementation: [org.hibernate.engine.transaction.jta.platform.internal.NoJtaPlatform]
2022-11-15 12:09:35,667 INFO org.springframework.orm.jpa.AbstractEntityManagerFactoryBean "trace": "" "span": "" [restartedMain] Initialized JPA EntityManagerFactory for persistence unit 'default'
2022-11-15 12:09:36,123 WARN org.hibernate.dialect.function.TemplateRenderer "trace": "" "span": "" [restartedMain] HHH000174: Function template anticipated 4 arguments, but 1 arguments encountered
2022-11-15 12:09:36,123 WARN org.hibernate.dialect.function.TemplateRenderer "trace": "" "span": "" [restartedMain] HHH000174: Function template anticipated 4 arguments, but 1 arguments encountered
2022-11-15 12:09:36,123 WARN org.hibernate.dialect.function.TemplateRenderer "trace": "" "span": "" [restartedMain] HHH000174: Function template anticipated 4 arguments, but 1 arguments encountered
2022-11-15 12:09:36,124 WARN org.hibernate.dialect.function.TemplateRenderer "trace": "" "span": "" [restartedMain] HHH000174: Function template anticipated 4 arguments, but 1 arguments encountered
2022-11-15 12:09:37,246 WARN org.springframework.boot.autoconfigure.orm.jpa.JpaBaseConfiguration$JpaWebConfiguration "trace": "" "span": "" [restartedMain] spring.jpa.open-in-view is enabled by default. Therefore, database queries may be performed during view rendering. Explicitly configure spring.jpa.open-in-view to disable this warning
2022-11-15 12:09:37,423 WARN org.hibernate.dialect.function.TemplateRenderer "trace": "" "span": "" [restartedMain] HHH000174: Function template anticipated 4 arguments, but 1 arguments encountered
2022-11-15 12:09:37,424 WARN org.hibernate.dialect.function.TemplateRenderer "trace": "" "span": "" [restartedMain] HHH000174: Function template anticipated 4 arguments, but 1 arguments encountered
2022-11-15 12:09:37,430 WARN org.springframework.security.core.userdetails.User "trace": "" "span": "" [restartedMain] User.withDefaultPasswordEncoder() is considered unsafe for production and is only intended for sample applications.
2022-11-15 12:09:37,730 INFO org.springframework.boot.devtools.autoconfigure.OptionalLiveReloadServer "trace": "" "span": "" [restartedMain] LiveReload server is running on port 35729
2022-11-15 12:09:38,228 INFO org.apache.juli.logging.DirectJDKLog "trace": "" "span": "" [restartedMain] Starting ProtocolHandler ["http-nio-8080"]
2022-11-15 12:09:38,243 INFO org.springframework.boot.web.embedded.tomcat.TomcatWebServer "trace": "" "span": "" [restartedMain] Tomcat started on port(s): 8080 (http) with context path '/bali/services'
2022-11-15 12:09:38,518 INFO org.springframework.boot.StartupInfoLogger "trace": "" "span": "" [restartedMain] Started MemberApplication in 67.466 seconds (JVM running for 68.015)
2022-11-15 12:10:49,459 INFO org.apache.juli.logging.DirectJDKLog "trace": "22cee89b81e8d9e6" "span": "22cee89b81e8d9e6" [http-nio-8080-exec-1] Initializing Spring DispatcherServlet 'dispatcherServlet'
2022-11-15 12:10:49,459 INFO org.springframework.web.servlet.FrameworkServlet "trace": "22cee89b81e8d9e6" "span": "22cee89b81e8d9e6" [http-nio-8080-exec-1] Initializing Servlet 'dispatcherServlet'
2022-11-15 12:10:49,461 INFO org.springframework.web.servlet.FrameworkServlet "trace": "22cee89b81e8d9e6" "span": "22cee89b81e8d9e6" [http-nio-8080-exec-1] Completed initialization in 2 ms
2022-11-15 12:10:49,466 INFO be.abvv.bali.member.filter.CommonFacadeFilter "trace": "22cee89b81e8d9e6" "span": "22cee89b81e8d9e6" [http-nio-8080-exec-1] Hello from: 0:0:0:0:0:0:0:1
2022-11-15 12:10:49,914 WARN org.hibernate.engine.jdbc.spi.SqlExceptionHelper$StandardWarningHandler "trace": "22cee89b81e8d9e6" "span": "22cee89b81e8d9e6" [http-nio-8080-exec-1] SQL Warning Code: 1301, SQLState: HY001
2022-11-15 12:10:49,915 WARN org.hibernate.engine.jdbc.spi.SqlExceptionHelper$StandardWarningHandler "trace": "22cee89b81e8d9e6" "span": "22cee89b81e8d9e6" [http-nio-8080-exec-1] [PWS0082] 1 bibliothèque(s) non ajoutée(s) à la liste des bibliothèques.
2022-11-15 12:10:56,049 INFO be.abvv.bali.member.filter.CommonFacadeFilter "trace": "a23ad5096b4c5e70" "span": "a23ad5096b4c5e70" [http-nio-8080-exec-2] Hello from: 0:0:0:0:0:0:0:1
2022-11-15 12:10:56,270 WARN org.hibernate.internal.SessionImpl "trace": "a23ad5096b4c5e70" "span": "a23ad5096b4c5e70" [http-nio-8080-exec-2] HHH000487: The query: [update BaliFZZEntity u set u.gsmNumber = :phone where u.internalLidNumber = :id] attempts to update an immutable entity: [ABVVTFXR.FZZ]
2022-11-15 12:10:56,346 WARN org.hibernate.engine.jdbc.spi.SqlExceptionHelper$StandardWarningHandler "trace": "a23ad5096b4c5e70" "span": "a23ad5096b4c5e70" [http-nio-8080-exec-2] SQL Warning Code: 1301, SQLState: HY001
2022-11-15 12:10:56,346 WARN org.hibernate.engine.jdbc.spi.SqlExceptionHelper$StandardWarningHandler "trace": "a23ad5096b4c5e70" "span": "a23ad5096b4c5e70" [http-nio-8080-exec-2] [PWS0082] 1 bibliothèque(s) non ajoutée(s) à la liste des bibliothèques.
2022-11-15 12:10:59,884 INFO be.abvv.bali.member.filter.CommonFacadeFilter "trace": "e9e0af32088e4a1c" "span": "e9e0af32088e4a1c" [http-nio-8080-exec-8] Hello from: 0:0:0:0:0:0:0:1
2022-11-15 12:11:00,171 WARN org.hibernate.engine.jdbc.spi.SqlExceptionHelper$StandardWarningHandler "trace": "e9e0af32088e4a1c" "span": "e9e0af32088e4a1c" [http-nio-8080-exec-8] SQL Warning Code: 1301, SQLState: HY001
2022-11-15 12:11:00,171 WARN org.hibernate.engine.jdbc.spi.SqlExceptionHelper$StandardWarningHandler "trace": "e9e0af32088e4a1c" "span": "e9e0af32088e4a1c" [http-nio-8080-exec-8] [PWS0082] 1 bibliothèque(s) non ajoutée(s) à la liste des bibliothèques.
2022-11-15 12:57:29,583 INFO org.springframework.orm.jpa.AbstractEntityManagerFactoryBean "trace": "" "span": "" [SpringApplicationShutdownHook] Closing JPA EntityManagerFactory for persistence unit 'default'
2022-11-15 12:57:34,815 INFO org.springframework.boot.StartupInfoLogger "trace": "" "span": "" [restartedMain] Starting MemberApplication using Java 17.0.4.1 on T00LNRECC with PID 20636 (D:\Dev\Repository\PocArchitectureNico\member\target\classes started by T00NRECC in D:\Dev\Repository\PocArchitectureNico\member)
2022-11-15 12:57:34,816 INFO org.springframework.boot.SpringApplication "trace": "" "span": "" [restartedMain] No active profile set, falling back to 1 default profile: "default"
2022-11-15 12:57:34,850 INFO org.springframework.boot.logging.DeferredLog "trace": "" "span": "" [restartedMain] The Class-Path manifest attribute in D:\Dev\tools\apache-maven-3.6.3\.m2\repository\com\ibm\db2\jcc\11.5.7.0\jcc-11.5.7.0.jar referenced one or more files that do not exist: file:/D:/Dev/tools/apache-maven-3.6.3/.m2/repository/com/ibm/db2/jcc/11.5.7.0/pdq.jar
2022-11-15 12:57:34,850 INFO org.springframework.boot.logging.DeferredLog "trace": "" "span": "" [restartedMain] Devtools property defaults active! Set 'spring.devtools.add-properties' to 'false' to disable
2022-11-15 12:57:34,850 INFO org.springframework.boot.logging.DeferredLog "trace": "" "span": "" [restartedMain] For additional web related logging consider setting the 'logging.level.web' property to 'DEBUG'
2022-11-15 12:57:35,936 INFO org.springframework.data.repository.config.RepositoryConfigurationDelegate "trace": "" "span": "" [restartedMain] Bootstrapping Spring Data JPA repositories in DEFAULT mode.
2022-11-15 12:57:35,977 INFO org.springframework.data.repository.config.RepositoryConfigurationDelegate "trace": "" "span": "" [restartedMain] Finished Spring Data repository scanning in 34 ms. Found 3 JPA repository interfaces.
2022-11-15 12:57:36,289 INFO org.springframework.cloud.context.scope.GenericScope "trace": "" "span": "" [restartedMain] BeanFactory id=72011bc6-e0a6-3dbc-94b8-e18d0185485c
2022-11-15 12:57:36,830 INFO org.springframework.boot.web.embedded.tomcat.TomcatWebServer "trace": "" "span": "" [restartedMain] Tomcat initialized with port(s): 8080 (http)
2022-11-15 12:57:36,836 INFO org.apache.juli.logging.DirectJDKLog "trace": "" "span": "" [restartedMain] Initializing ProtocolHandler ["http-nio-8080"]
2022-11-15 12:57:36,836 INFO org.apache.juli.logging.DirectJDKLog "trace": "" "span": "" [restartedMain] Starting service [Tomcat]
2022-11-15 12:57:36,837 INFO org.apache.juli.logging.DirectJDKLog "trace": "" "span": "" [restartedMain] Starting Servlet engine: [Apache Tomcat/9.0.68]
2022-11-15 12:57:36,917 INFO org.apache.juli.logging.DirectJDKLog "trace": "" "span": "" [restartedMain] Initializing Spring embedded WebApplicationContext
2022-11-15 12:57:36,918 INFO org.springframework.boot.web.servlet.context.ServletWebServerApplicationContext "trace": "" "span": "" [restartedMain] Root WebApplicationContext: initialization completed in 2067 ms
2022-11-15 12:57:41,268 INFO org.hibernate.jpa.internal.util.LogHelper "trace": "" "span": "" [restartedMain] HHH000204: Processing PersistenceUnitInfo [name: default]
2022-11-15 12:57:41,294 INFO org.hibernate.Version "trace": "" "span": "" [restartedMain] HHH000412: Hibernate ORM core version 5.4.22.Final
2022-11-15 12:57:41,407 INFO org.hibernate.annotations.common.reflection.java.JavaReflectionManager "trace": "" "span": "" [restartedMain] HCANN000001: Hibernate Commons Annotations {5.1.0.Final}
2022-11-15 12:57:41,908 INFO org.hibernate.dialect.Dialect "trace": "" "span": "" [restartedMain] HHH000400: Using dialect: org.hibernate.dialect.DB2400Dialect
2022-11-15 12:58:35,056 INFO org.hibernate.engine.transaction.jta.platform.internal.JtaPlatformInitiator "trace": "" "span": "" [restartedMain] HHH000490: Using JtaPlatform implementation: [org.hibernate.engine.transaction.jta.platform.internal.NoJtaPlatform]
2022-11-15 12:58:35,065 INFO org.springframework.orm.jpa.AbstractEntityManagerFactoryBean "trace": "" "span": "" [restartedMain] Initialized JPA EntityManagerFactory for persistence unit 'default'
2022-11-15 12:58:35,389 WARN org.hibernate.dialect.function.TemplateRenderer "trace": "" "span": "" [restartedMain] HHH000174: Function template anticipated 4 arguments, but 1 arguments encountered
2022-11-15 12:58:35,390 WARN org.hibernate.dialect.function.TemplateRenderer "trace": "" "span": "" [restartedMain] HHH000174: Function template anticipated 4 arguments, but 1 arguments encountered
2022-11-15 12:58:35,390 WARN org.hibernate.dialect.function.TemplateRenderer "trace": "" "span": "" [restartedMain] HHH000174: Function template anticipated 4 arguments, but 1 arguments encountered
2022-11-15 12:58:35,390 WARN org.hibernate.dialect.function.TemplateRenderer "trace": "" "span": "" [restartedMain] HHH000174: Function template anticipated 4 arguments, but 1 arguments encountered
2022-11-15 12:58:35,768 WARN org.springframework.boot.autoconfigure.orm.jpa.JpaBaseConfiguration$JpaWebConfiguration "trace": "" "span": "" [restartedMain] spring.jpa.open-in-view is enabled by default. Therefore, database queries may be performed during view rendering. Explicitly configure spring.jpa.open-in-view to disable this warning
2022-11-15 12:58:35,979 WARN org.hibernate.dialect.function.TemplateRenderer "trace": "" "span": "" [restartedMain] HHH000174: Function template anticipated 4 arguments, but 1 arguments encountered
2022-11-15 12:58:35,979 WARN org.hibernate.dialect.function.TemplateRenderer "trace": "" "span": "" [restartedMain] HHH000174: Function template anticipated 4 arguments, but 1 arguments encountered
2022-11-15 12:58:35,985 WARN org.springframework.security.core.userdetails.User "trace": "" "span": "" [restartedMain] User.withDefaultPasswordEncoder() is considered unsafe for production and is only intended for sample applications.
2022-11-15 12:58:36,307 INFO org.springframework.boot.devtools.autoconfigure.OptionalLiveReloadServer "trace": "" "span": "" [restartedMain] LiveReload server is running on port 35729
2022-11-15 12:58:36,836 INFO org.apache.juli.logging.DirectJDKLog "trace": "" "span": "" [restartedMain] Starting ProtocolHandler ["http-nio-8080"]
2022-11-15 12:58:36,851 INFO org.springframework.boot.web.embedded.tomcat.TomcatWebServer "trace": "" "span": "" [restartedMain] Tomcat started on port(s): 8080 (http) with context path '/bali/services'
2022-11-15 12:58:37,129 INFO org.springframework.boot.StartupInfoLogger "trace": "" "span": "" [restartedMain] Started MemberApplication in 62.729 seconds (JVM running for 63.26)
2022-11-15 12:58:56,209 INFO org.apache.juli.logging.DirectJDKLog "trace": "3bb7a42cfd92e9f7" "span": "3bb7a42cfd92e9f7" [http-nio-8080-exec-1] Initializing Spring DispatcherServlet 'dispatcherServlet'
2022-11-15 12:58:56,210 INFO org.springframework.web.servlet.FrameworkServlet "trace": "3bb7a42cfd92e9f7" "span": "3bb7a42cfd92e9f7" [http-nio-8080-exec-1] Initializing Servlet 'dispatcherServlet'
2022-11-15 12:58:56,210 INFO org.springframework.web.servlet.FrameworkServlet "trace": "3bb7a42cfd92e9f7" "span": "3bb7a42cfd92e9f7" [http-nio-8080-exec-1] Completed initialization in 0 ms
2022-11-15 12:58:56,216 INFO be.abvv.bali.member.filter.CommonFacadeFilter "trace": "3bb7a42cfd92e9f7" "span": "3bb7a42cfd92e9f7" [http-nio-8080-exec-1] Hello from: 0:0:0:0:0:0:0:1
2022-11-15 12:58:56,609 WARN org.hibernate.engine.jdbc.spi.SqlExceptionHelper$StandardWarningHandler "trace": "3bb7a42cfd92e9f7" "span": "3bb7a42cfd92e9f7" [http-nio-8080-exec-1] SQL Warning Code: 1301, SQLState: HY001
2022-11-15 12:58:56,609 WARN org.hibernate.engine.jdbc.spi.SqlExceptionHelper$StandardWarningHandler "trace": "3bb7a42cfd92e9f7" "span": "3bb7a42cfd92e9f7" [http-nio-8080-exec-1] [PWS0082] 1 bibliothèque(s) non ajoutée(s) à la liste des bibliothèques.
2022-11-15 12:59:06,524 INFO be.abvv.bali.member.filter.CommonFacadeFilter "trace": "6efb83134a0cffe8" "span": "6efb83134a0cffe8" [http-nio-8080-exec-2] Hello from: 0:0:0:0:0:0:0:1
2022-11-15 12:59:34,139 INFO be.abvv.bali.member.filter.CommonFacadeFilter "trace": "4c7acd8447634600" "span": "4c7acd8447634600" [http-nio-8080-exec-3] Hello from: 0:0:0:0:0:0:0:1
2022-11-15 12:59:50,574 INFO be.abvv.bali.member.filter.CommonFacadeFilter "trace": "e7cbf3c8f2e5ccdb" "span": "e7cbf3c8f2e5ccdb" [http-nio-8080-exec-4] Hello from: 0:0:0:0:0:0:0:1
2022-11-15 13:00:00,522 INFO be.abvv.bali.member.filter.CommonFacadeFilter "trace": "6a70c051731cfd85" "span": "6a70c051731cfd85" [http-nio-8080-exec-5] Hello from: 0:0:0:0:0:0:0:1
2022-11-15 13:00:24,368 INFO be.abvv.bali.member.filter.CommonFacadeFilter "trace": "cd11b137e337b6b4" "span": "cd11b137e337b6b4" [http-nio-8080-exec-8] Hello from: 0:0:0:0:0:0:0:1
2022-11-15 13:03:25,338 INFO org.springframework.boot.devtools.autoconfigure.LocalDevToolsAutoConfiguration$RestartingClassPathChangeChangedEventListener "trace": "" "span": "" [File Watcher] Restarting due to 42 class path changes (0 additions, 42 deletions, 0 modifications)
2022-11-15 13:03:25,357 INFO org.apache.juli.logging.DirectJDKLog "trace": "" "span": "" [Thread-5] Pausing ProtocolHandler ["http-nio-8080"]
2022-11-15 13:03:25,357 INFO org.apache.juli.logging.DirectJDKLog "trace": "" "span": "" [Thread-5] Stopping service [Tomcat]
2022-11-15 13:03:25,358 INFO org.apache.juli.logging.DirectJDKLog "trace": "" "span": "" [Thread-5] Destroying Spring FrameworkServlet 'dispatcherServlet'
2022-11-15 13:03:25,361 INFO org.apache.juli.logging.DirectJDKLog "trace": "" "span": "" [Thread-5] Stopping ProtocolHandler ["http-nio-8080"]
2022-11-15 13:03:25,364 INFO org.apache.juli.logging.DirectJDKLog "trace": "" "span": "" [Thread-5] Destroying ProtocolHandler ["http-nio-8080"]
2022-11-15 13:03:25,372 INFO org.springframework.orm.jpa.AbstractEntityManagerFactoryBean "trace": "" "span": "" [Thread-5] Closing JPA EntityManagerFactory for persistence unit 'default'
2022-11-15 13:03:25,654 INFO org.springframework.boot.StartupInfoLogger "trace": "" "span": "" [restartedMain] Starting MemberApplication using Java 17.0.4.1 on T00LNRECC with PID 20636 (D:\Dev\Repository\PocArchitectureNico\member\target\classes started by T00NRECC in D:\Dev\Repository\PocArchitectureNico\member)
2022-11-15 13:03:25,655 INFO org.springframework.boot.SpringApplication "trace": "" "span": "" [restartedMain] No active profile set, falling back to 1 default profile: "default"
2022-11-15 13:03:25,945 INFO org.springframework.data.repository.config.RepositoryConfigurationDelegate "trace": "" "span": "" [restartedMain] Bootstrapping Spring Data JPA repositories in DEFAULT mode.
2022-11-15 13:03:25,947 INFO org.springframework.data.repository.config.RepositoryConfigurationDelegate "trace": "" "span": "" [restartedMain] Finished Spring Data repository scanning in 1 ms. Found 0 JPA repository interfaces.
2022-11-15 13:03:26,014 INFO org.springframework.cloud.context.scope.GenericScope "trace": "" "span": "" [restartedMain] BeanFactory id=ea0ff09d-6c2f-325e-b6e4-36e0f1340d64
2022-11-15 13:03:26,159 INFO org.springframework.boot.web.embedded.tomcat.TomcatWebServer "trace": "" "span": "" [restartedMain] Tomcat initialized with port(s): 8080 (http)
2022-11-15 13:03:26,160 INFO org.apache.juli.logging.DirectJDKLog "trace": "" "span": "" [restartedMain] Initializing ProtocolHandler ["http-nio-8080"]
2022-11-15 13:03:26,160 INFO org.apache.juli.logging.DirectJDKLog "trace": "" "span": "" [restartedMain] Starting service [Tomcat]
2022-11-15 13:03:26,161 INFO org.apache.juli.logging.DirectJDKLog "trace": "" "span": "" [restartedMain] Starting Servlet engine: [Apache Tomcat/9.0.68]
2022-11-15 13:03:26,185 INFO org.apache.juli.logging.DirectJDKLog "trace": "" "span": "" [restartedMain] Initializing Spring embedded WebApplicationContext
2022-11-15 13:03:26,185 INFO org.springframework.boot.web.servlet.context.ServletWebServerApplicationContext "trace": "" "span": "" [restartedMain] Root WebApplicationContext: initialization completed in 527 ms
2022-11-15 13:03:26,336 WARN org.springframework.context.support.AbstractApplicationContext "trace": "" "span": "" [restartedMain] Exception encountered during context initialization - cancelling refresh attempt: org.springframework.beans.factory.UnsatisfiedDependencyException: Error creating bean with name 'dataSourceScriptDatabaseInitializer' defined in class path resource [org/springframework/boot/autoconfigure/sql/init/DataSourceInitializationConfiguration.class]: Unsatisfied dependency expressed through method 'dataSourceScriptDatabaseInitializer' parameter 0; nested exception is org.springframework.beans.factory.BeanCreationException: Error creating bean with name 'dataSource' defined in class path resource [org/springframework/boot/autoconfigure/jdbc/DataSourceConfiguration$Hikari.class]: Bean instantiation via factory method failed; nested exception is org.springframework.beans.BeanInstantiationException: Failed to instantiate [com.zaxxer.hikari.HikariDataSource]: Factory method 'dataSource' threw exception; nested exception is org.springframework.boot.autoconfigure.jdbc.DataSourceProperties$DataSourceBeanCreationException: Failed to determine a suitable driver class
2022-11-15 13:03:26,336 INFO org.apache.juli.logging.DirectJDKLog "trace": "" "span": "" [restartedMain] Stopping service [Tomcat]
2022-11-15 13:03:26,345 INFO org.springframework.boot.autoconfigure.logging.ConditionEvaluationReportLoggingListener "trace": "" "span": "" [restartedMain] 

Error starting ApplicationContext. To display the conditions report re-run your application with 'debug' enabled.
2022-11-15 13:03:26,360 ERROR org.springframework.boot.diagnostics.LoggingFailureAnalysisReporter "trace": "" "span": "" [restartedMain] 

***************************
APPLICATION FAILED TO START
***************************

Description:

Failed to configure a DataSource: 'url' attribute is not specified and no embedded datasource could be configured.

Reason: Failed to determine a suitable driver class


Action:

Consider the following:
	If you want an embedded database (H2, HSQL or Derby), please put it on the classpath.
	If you have database settings to be loaded from a particular profile you may need to activate it (no profiles are currently active).

2022-11-15 13:03:27,932 INFO org.springframework.boot.StartupInfoLogger "trace": "" "span": "" [restartedMain] Starting MemberApplication using Java 17.0.4.1 on T00LNRECC with PID 20636 (D:\Dev\Repository\PocArchitectureNico\member\target\classes started by T00NRECC in D:\Dev\Repository\PocArchitectureNico\member)
2022-11-15 13:03:27,932 INFO org.springframework.boot.SpringApplication "trace": "" "span": "" [restartedMain] No active profile set, falling back to 1 default profile: "default"
2022-11-15 13:03:28,083 INFO org.springframework.data.repository.config.RepositoryConfigurationDelegate "trace": "" "span": "" [restartedMain] Bootstrapping Spring Data JPA repositories in DEFAULT mode.
2022-11-15 13:03:28,094 INFO org.springframework.data.repository.config.RepositoryConfigurationDelegate "trace": "" "span": "" [restartedMain] Finished Spring Data repository scanning in 10 ms. Found 3 JPA repository interfaces.
2022-11-15 13:03:28,169 INFO org.springframework.cloud.context.scope.GenericScope "trace": "" "span": "" [restartedMain] BeanFactory id=72011bc6-e0a6-3dbc-94b8-e18d0185485c
2022-11-15 13:03:28,258 INFO org.springframework.boot.web.embedded.tomcat.TomcatWebServer "trace": "" "span": "" [restartedMain] Tomcat initialized with port(s): 8080 (http)
2022-11-15 13:03:28,258 INFO org.apache.juli.logging.DirectJDKLog "trace": "" "span": "" [restartedMain] Initializing ProtocolHandler ["http-nio-8080"]
2022-11-15 13:03:28,258 INFO org.apache.juli.logging.DirectJDKLog "trace": "" "span": "" [restartedMain] Starting service [Tomcat]
2022-11-15 13:03:28,258 INFO org.apache.juli.logging.DirectJDKLog "trace": "" "span": "" [restartedMain] Starting Servlet engine: [Apache Tomcat/9.0.68]
2022-11-15 13:03:28,272 INFO org.apache.juli.logging.DirectJDKLog "trace": "" "span": "" [restartedMain] Initializing Spring embedded WebApplicationContext
2022-11-15 13:03:28,272 INFO org.springframework.boot.web.servlet.context.ServletWebServerApplicationContext "trace": "" "span": "" [restartedMain] Root WebApplicationContext: initialization completed in 339 ms
2022-11-15 13:03:31,683 INFO org.hibernate.jpa.internal.util.LogHelper "trace": "" "span": "" [restartedMain] HHH000204: Processing PersistenceUnitInfo [name: default]
2022-11-15 13:03:31,925 INFO org.hibernate.dialect.Dialect "trace": "" "span": "" [restartedMain] HHH000400: Using dialect: org.hibernate.dialect.DB2400Dialect
2022-11-15 13:04:26,251 INFO org.hibernate.engine.transaction.jta.platform.internal.JtaPlatformInitiator "trace": "" "span": "" [restartedMain] HHH000490: Using JtaPlatform implementation: [org.hibernate.engine.transaction.jta.platform.internal.NoJtaPlatform]
2022-11-15 13:04:26,252 INFO org.springframework.orm.jpa.AbstractEntityManagerFactoryBean "trace": "" "span": "" [restartedMain] Initialized JPA EntityManagerFactory for persistence unit 'default'
2022-11-15 13:04:26,336 WARN org.hibernate.dialect.function.TemplateRenderer "trace": "" "span": "" [restartedMain] HHH000174: Function template anticipated 4 arguments, but 1 arguments encountered
2022-11-15 13:04:26,336 WARN org.hibernate.dialect.function.TemplateRenderer "trace": "" "span": "" [restartedMain] HHH000174: Function template anticipated 4 arguments, but 1 arguments encountered
2022-11-15 13:04:26,336 WARN org.hibernate.dialect.function.TemplateRenderer "trace": "" "span": "" [restartedMain] HHH000174: Function template anticipated 4 arguments, but 1 arguments encountered
2022-11-15 13:04:26,336 WARN org.hibernate.dialect.function.TemplateRenderer "trace": "" "span": "" [restartedMain] HHH000174: Function template anticipated 4 arguments, but 1 arguments encountered
2022-11-15 13:04:26,485 WARN org.springframework.context.support.AbstractApplicationContext "trace": "" "span": "" [restartedMain] Exception encountered during context initialization - cancelling refresh attempt: org.springframework.beans.factory.BeanCreationException: Error creating bean with name 'inMemorySwaggerResourcesProvider' defined in URL [jar:file:/D:/Dev/tools/apache-maven-3.6.3/.m2/repository/io/springfox/springfox-swagger-common/3.0.0/springfox-swagger-common-3.0.0.jar!/springfox/documentation/swagger/web/InMemorySwaggerResourcesProvider.class]: Bean instantiation via constructor failed; nested exception is org.springframework.beans.BeanInstantiationException: Failed to instantiate [springfox.documentation.swagger.web.InMemorySwaggerResourcesProvider]: Constructor threw exception; nested exception is org.springframework.beans.factory.BeanCreationException: Error creating bean with name 'api' defined in class path resource [be/abvv/bali/member/config/SwaggerConfig.class]: Bean instantiation via factory method failed; nested exception is org.springframework.beans.BeanInstantiationException: Failed to instantiate [springfox.documentation.spring.web.plugins.Docket]: Factory method 'api' threw exception; nested exception is java.lang.NoSuchMethodError: 'com.google.common.base.Predicate springfox.documentation.builders.RequestHandlerSelectors.basePackage(java.lang.String)'
2022-11-15 13:04:26,486 INFO org.springframework.orm.jpa.AbstractEntityManagerFactoryBean "trace": "" "span": "" [restartedMain] Closing JPA EntityManagerFactory for persistence unit 'default'
2022-11-15 13:04:26,486 INFO org.apache.juli.logging.DirectJDKLog "trace": "" "span": "" [restartedMain] Stopping service [Tomcat]
2022-11-15 13:04:26,496 INFO org.springframework.boot.autoconfigure.logging.ConditionEvaluationReportLoggingListener "trace": "" "span": "" [restartedMain] 

Error starting ApplicationContext. To display the conditions report re-run your application with 'debug' enabled.
2022-11-15 13:04:26,500 ERROR org.springframework.boot.diagnostics.LoggingFailureAnalysisReporter "trace": "" "span": "" [restartedMain] 

***************************
APPLICATION FAILED TO START
***************************

Description:

An attempt was made to call a method that does not exist. The attempt was made from the following location:

    be.abvv.bali.member.config.SwaggerConfig.api(SwaggerConfig.java:20)

The following method did not exist:

    'com.google.common.base.Predicate springfox.documentation.builders.RequestHandlerSelectors.basePackage(java.lang.String)'

The calling method's class, be.abvv.bali.member.config.SwaggerConfig, was loaded from the following location:

    file:/D:/Dev/Repository/PocArchitectureNico/member/target/classes/be/abvv/bali/member/config/SwaggerConfig.class

The called method's class, springfox.documentation.builders.RequestHandlerSelectors, is available from the following locations:

    jar:file:/D:/Dev/tools/apache-maven-3.6.3/.m2/repository/io/springfox/springfox-core/3.0.0/springfox-core-3.0.0.jar!/springfox/documentation/builders/RequestHandlerSelectors.class

The called method's class hierarchy was loaded from the following locations:

    springfox.documentation.builders.RequestHandlerSelectors: file:/D:/Dev/tools/apache-maven-3.6.3/.m2/repository/io/springfox/springfox-core/3.0.0/springfox-core-3.0.0.jar


Action:

Correct the classpath of your application so that it contains compatible versions of the classes be.abvv.bali.member.config.SwaggerConfig and springfox.documentation.builders.RequestHandlerSelectors

2022-11-15 13:06:26,474 INFO org.springframework.boot.StartupInfoLogger "trace": "" "span": "" [restartedMain] Starting MemberApplication using Java 17.0.4.1 on T00LNRECC with PID 20636 (D:\Dev\Repository\PocArchitectureNico\member\target\classes started by T00NRECC in D:\Dev\Repository\PocArchitectureNico\member)
2022-11-15 13:06:26,474 INFO org.springframework.boot.SpringApplication "trace": "" "span": "" [restartedMain] No active profile set, falling back to 1 default profile: "default"
2022-11-15 13:06:26,719 INFO org.springframework.data.repository.config.RepositoryConfigurationDelegate "trace": "" "span": "" [restartedMain] Bootstrapping Spring Data JPA repositories in DEFAULT mode.
2022-11-15 13:06:26,720 INFO org.springframework.data.repository.config.RepositoryConfigurationDelegate "trace": "" "span": "" [restartedMain] Finished Spring Data repository scanning in 1 ms. Found 0 JPA repository interfaces.
2022-11-15 13:06:26,770 INFO org.springframework.cloud.context.scope.GenericScope "trace": "" "span": "" [restartedMain] BeanFactory id=ea0ff09d-6c2f-325e-b6e4-36e0f1340d64
2022-11-15 13:06:26,900 INFO org.springframework.boot.web.embedded.tomcat.TomcatWebServer "trace": "" "span": "" [restartedMain] Tomcat initialized with port(s): 8080 (http)
2022-11-15 13:06:26,901 INFO org.apache.juli.logging.DirectJDKLog "trace": "" "span": "" [restartedMain] Initializing ProtocolHandler ["http-nio-8080"]
2022-11-15 13:06:26,901 INFO org.apache.juli.logging.DirectJDKLog "trace": "" "span": "" [restartedMain] Starting service [Tomcat]
2022-11-15 13:06:26,901 INFO org.apache.juli.logging.DirectJDKLog "trace": "" "span": "" [restartedMain] Starting Servlet engine: [Apache Tomcat/9.0.68]
2022-11-15 13:06:26,916 INFO org.apache.juli.logging.DirectJDKLog "trace": "" "span": "" [restartedMain] Initializing Spring embedded WebApplicationContext
2022-11-15 13:06:26,917 INFO org.springframework.boot.web.servlet.context.ServletWebServerApplicationContext "trace": "" "span": "" [restartedMain] Root WebApplicationContext: initialization completed in 441 ms
2022-11-15 13:06:27,034 WARN org.springframework.context.support.AbstractApplicationContext "trace": "" "span": "" [restartedMain] Exception encountered during context initialization - cancelling refresh attempt: org.springframework.beans.factory.UnsatisfiedDependencyException: Error creating bean with name 'dataSourceScriptDatabaseInitializer' defined in class path resource [org/springframework/boot/autoconfigure/sql/init/DataSourceInitializationConfiguration.class]: Unsatisfied dependency expressed through method 'dataSourceScriptDatabaseInitializer' parameter 0; nested exception is org.springframework.beans.factory.BeanCreationException: Error creating bean with name 'dataSource' defined in class path resource [org/springframework/boot/autoconfigure/jdbc/DataSourceConfiguration$Hikari.class]: Bean instantiation via factory method failed; nested exception is org.springframework.beans.BeanInstantiationException: Failed to instantiate [com.zaxxer.hikari.HikariDataSource]: Factory method 'dataSource' threw exception; nested exception is org.springframework.boot.autoconfigure.jdbc.DataSourceProperties$DataSourceBeanCreationException: Failed to determine a suitable driver class
2022-11-15 13:06:27,034 INFO org.apache.juli.logging.DirectJDKLog "trace": "" "span": "" [restartedMain] Stopping service [Tomcat]
2022-11-15 13:06:27,039 INFO org.springframework.boot.autoconfigure.logging.ConditionEvaluationReportLoggingListener "trace": "" "span": "" [restartedMain] 

Error starting ApplicationContext. To display the conditions report re-run your application with 'debug' enabled.
2022-11-15 13:06:27,042 ERROR org.springframework.boot.diagnostics.LoggingFailureAnalysisReporter "trace": "" "span": "" [restartedMain] 

***************************
APPLICATION FAILED TO START
***************************

Description:

Failed to configure a DataSource: 'url' attribute is not specified and no embedded datasource could be configured.

Reason: Failed to determine a suitable driver class


Action:

Consider the following:
	If you want an embedded database (H2, HSQL or Derby), please put it on the classpath.
	If you have database settings to be loaded from a particular profile you may need to activate it (no profiles are currently active).

2022-11-15 13:06:28,606 INFO org.springframework.boot.StartupInfoLogger "trace": "" "span": "" [restartedMain] Starting MemberApplication using Java 17.0.4.1 on T00LNRECC with PID 20636 (D:\Dev\Repository\PocArchitectureNico\member\target\classes started by T00NRECC in D:\Dev\Repository\PocArchitectureNico\member)
2022-11-15 13:06:28,606 INFO org.springframework.boot.SpringApplication "trace": "" "span": "" [restartedMain] No active profile set, falling back to 1 default profile: "default"
2022-11-15 13:06:28,749 INFO org.springframework.data.repository.config.RepositoryConfigurationDelegate "trace": "" "span": "" [restartedMain] Bootstrapping Spring Data JPA repositories in DEFAULT mode.
2022-11-15 13:06:28,755 INFO org.springframework.data.repository.config.RepositoryConfigurationDelegate "trace": "" "span": "" [restartedMain] Finished Spring Data repository scanning in 5 ms. Found 3 JPA repository interfaces.
2022-11-15 13:06:28,822 INFO org.springframework.cloud.context.scope.GenericScope "trace": "" "span": "" [restartedMain] BeanFactory id=72011bc6-e0a6-3dbc-94b8-e18d0185485c
2022-11-15 13:06:28,902 INFO org.springframework.boot.web.embedded.tomcat.TomcatWebServer "trace": "" "span": "" [restartedMain] Tomcat initialized with port(s): 8080 (http)
2022-11-15 13:06:28,903 INFO org.apache.juli.logging.DirectJDKLog "trace": "" "span": "" [restartedMain] Initializing ProtocolHandler ["http-nio-8080"]
2022-11-15 13:06:28,903 INFO org.apache.juli.logging.DirectJDKLog "trace": "" "span": "" [restartedMain] Starting service [Tomcat]
2022-11-15 13:06:28,903 INFO org.apache.juli.logging.DirectJDKLog "trace": "" "span": "" [restartedMain] Starting Servlet engine: [Apache Tomcat/9.0.68]
2022-11-15 13:06:28,919 INFO org.apache.juli.logging.DirectJDKLog "trace": "" "span": "" [restartedMain] Initializing Spring embedded WebApplicationContext
2022-11-15 13:06:28,919 INFO org.springframework.boot.web.servlet.context.ServletWebServerApplicationContext "trace": "" "span": "" [restartedMain] Root WebApplicationContext: initialization completed in 308 ms
2022-11-15 13:06:32,430 INFO org.hibernate.jpa.internal.util.LogHelper "trace": "" "span": "" [restartedMain] HHH000204: Processing PersistenceUnitInfo [name: default]
2022-11-15 13:06:32,675 INFO org.hibernate.dialect.Dialect "trace": "" "span": "" [restartedMain] HHH000400: Using dialect: org.hibernate.dialect.DB2400Dialect
2022-11-15 13:07:24,404 INFO org.hibernate.engine.transaction.jta.platform.internal.JtaPlatformInitiator "trace": "" "span": "" [restartedMain] HHH000490: Using JtaPlatform implementation: [org.hibernate.engine.transaction.jta.platform.internal.NoJtaPlatform]
2022-11-15 13:07:24,405 INFO org.springframework.orm.jpa.AbstractEntityManagerFactoryBean "trace": "" "span": "" [restartedMain] Initialized JPA EntityManagerFactory for persistence unit 'default'
2022-11-15 13:07:24,472 WARN org.hibernate.dialect.function.TemplateRenderer "trace": "" "span": "" [restartedMain] HHH000174: Function template anticipated 4 arguments, but 1 arguments encountered
2022-11-15 13:07:24,473 WARN org.hibernate.dialect.function.TemplateRenderer "trace": "" "span": "" [restartedMain] HHH000174: Function template anticipated 4 arguments, but 1 arguments encountered
2022-11-15 13:07:24,473 WARN org.hibernate.dialect.function.TemplateRenderer "trace": "" "span": "" [restartedMain] HHH000174: Function template anticipated 4 arguments, but 1 arguments encountered
2022-11-15 13:07:24,473 WARN org.hibernate.dialect.function.TemplateRenderer "trace": "" "span": "" [restartedMain] HHH000174: Function template anticipated 4 arguments, but 1 arguments encountered
2022-11-15 13:07:24,599 WARN org.springframework.context.support.AbstractApplicationContext "trace": "" "span": "" [restartedMain] Exception encountered during context initialization - cancelling refresh attempt: org.springframework.beans.factory.BeanCreationException: Error creating bean with name 'inMemorySwaggerResourcesProvider' defined in URL [jar:file:/D:/Dev/tools/apache-maven-3.6.3/.m2/repository/io/springfox/springfox-swagger-common/3.0.0/springfox-swagger-common-3.0.0.jar!/springfox/documentation/swagger/web/InMemorySwaggerResourcesProvider.class]: Bean instantiation via constructor failed; nested exception is org.springframework.beans.BeanInstantiationException: Failed to instantiate [springfox.documentation.swagger.web.InMemorySwaggerResourcesProvider]: Constructor threw exception; nested exception is org.springframework.beans.factory.BeanCreationException: Error creating bean with name 'api' defined in class path resource [be/abvv/bali/member/config/SwaggerConfig.class]: Bean instantiation via factory method failed; nested exception is org.springframework.beans.BeanInstantiationException: Failed to instantiate [springfox.documentation.spring.web.plugins.Docket]: Factory method 'api' threw exception; nested exception is java.lang.NoSuchMethodError: 'com.google.common.base.Predicate springfox.documentation.builders.RequestHandlerSelectors.basePackage(java.lang.String)'
2022-11-15 13:07:24,600 INFO org.springframework.orm.jpa.AbstractEntityManagerFactoryBean "trace": "" "span": "" [restartedMain] Closing JPA EntityManagerFactory for persistence unit 'default'
2022-11-15 13:07:33,268 INFO org.springframework.boot.StartupInfoLogger "trace": "" "span": "" [restartedMain] Starting MemberApplication using Java 17.0.4.1 on T00LNRECC with PID 8508 (D:\Dev\Repository\PocArchitectureNico\member\target\classes started by T00NRECC in D:\Dev\Repository\PocArchitectureNico\member)
2022-11-15 13:07:33,269 INFO org.springframework.boot.SpringApplication "trace": "" "span": "" [restartedMain] No active profile set, falling back to 1 default profile: "default"
2022-11-15 13:07:33,299 INFO org.springframework.boot.logging.DeferredLog "trace": "" "span": "" [restartedMain] The Class-Path manifest attribute in D:\Dev\tools\apache-maven-3.6.3\.m2\repository\com\ibm\db2\jcc\11.5.7.0\jcc-11.5.7.0.jar referenced one or more files that do not exist: file:/D:/Dev/tools/apache-maven-3.6.3/.m2/repository/com/ibm/db2/jcc/11.5.7.0/pdq.jar
2022-11-15 13:07:33,299 INFO org.springframework.boot.logging.DeferredLog "trace": "" "span": "" [restartedMain] Devtools property defaults active! Set 'spring.devtools.add-properties' to 'false' to disable
2022-11-15 13:07:33,300 INFO org.springframework.boot.logging.DeferredLog "trace": "" "span": "" [restartedMain] For additional web related logging consider setting the 'logging.level.web' property to 'DEBUG'
2022-11-15 13:07:33,432 WARN org.springframework.context.support.AbstractApplicationContext "trace": "" "span": "" [restartedMain] Exception encountered during context initialization - cancelling refresh attempt: org.springframework.beans.factory.BeanDefinitionStoreException: Failed to read candidate component class: URL [jar:file:/D:/Dev/tools/apache-maven-3.6.3/.m2/repository/io/springfox/springfox-spring-webmvc/3.0.0/springfox-spring-webmvc-3.0.0.jar!/springfox/documentation/spring/web/plugins/WebMvcRequestHandlerProvider.class]; nested exception is java.lang.IllegalArgumentException: Unresolvable class definition for class [springfox.documentation.spring.web.OnServletBasedWebApplication]
2022-11-15 13:07:33,435 INFO org.springframework.boot.autoconfigure.logging.ConditionEvaluationReportLoggingListener "trace": "" "span": "" [restartedMain] 

Error starting ApplicationContext. To display the conditions report re-run your application with 'debug' enabled.
2022-11-15 13:07:33,450 ERROR org.springframework.boot.SpringApplication "trace": "" "span": "" [restartedMain] Application run failed
org.springframework.beans.factory.BeanDefinitionStoreException: Failed to read candidate component class: URL [jar:file:/D:/Dev/tools/apache-maven-3.6.3/.m2/repository/io/springfox/springfox-spring-webmvc/3.0.0/springfox-spring-webmvc-3.0.0.jar!/springfox/documentation/spring/web/plugins/WebMvcRequestHandlerProvider.class]; nested exception is java.lang.IllegalArgumentException: Unresolvable class definition for class [springfox.documentation.spring.web.OnServletBasedWebApplication]
	at org.springframework.context.annotation.ClassPathScanningCandidateComponentProvider.scanCandidateComponents(ClassPathScanningCandidateComponentProvider.java:457)
	at org.springframework.context.annotation.ClassPathScanningCandidateComponentProvider.findCandidateComponents(ClassPathScanningCandidateComponentProvider.java:316)
	at org.springframework.context.annotation.ClassPathBeanDefinitionScanner.doScan(ClassPathBeanDefinitionScanner.java:276)
	at org.springframework.context.annotation.ComponentScanAnnotationParser.parse(ComponentScanAnnotationParser.java:128)
	at org.springframework.context.annotation.ConfigurationClassParser.doProcessConfigurationClass(ConfigurationClassParser.java:295)
	at org.springframework.context.annotation.ConfigurationClassParser.processConfigurationClass(ConfigurationClassParser.java:249)
	at org.springframework.context.annotation.ConfigurationClassParser.processImports(ConfigurationClassParser.java:599)
	at org.springframework.context.annotation.ConfigurationClassParser.doProcessConfigurationClass(ConfigurationClassParser.java:310)
	at org.springframework.context.annotation.ConfigurationClassParser.processConfigurationClass(ConfigurationClassParser.java:249)
	at org.springframework.context.annotation.ConfigurationClassParser.processImports(ConfigurationClassParser.java:599)
	at org.springframework.context.annotation.ConfigurationClassParser.doProcessConfigurationClass(ConfigurationClassParser.java:310)
	at org.springframework.context.annotation.ConfigurationClassParser.processConfigurationClass(ConfigurationClassParser.java:249)
	at org.springframework.context.annotation.ConfigurationClassParser.parse(ConfigurationClassParser.java:198)
	at org.springframework.context.annotation.ConfigurationClassParser.doProcessConfigurationClass(ConfigurationClassParser.java:303)
	at org.springframework.context.annotation.ConfigurationClassParser.processConfigurationClass(ConfigurationClassParser.java:249)
	at org.springframework.context.annotation.ConfigurationClassParser.parse(ConfigurationClassParser.java:206)
	at org.springframework.context.annotation.ConfigurationClassParser.parse(ConfigurationClassParser.java:174)
	at org.springframework.context.annotation.ConfigurationClassPostProcessor.processConfigBeanDefinitions(ConfigurationClassPostProcessor.java:331)
	at org.springframework.context.annotation.ConfigurationClassPostProcessor.postProcessBeanDefinitionRegistry(ConfigurationClassPostProcessor.java:247)
	at org.springframework.context.support.PostProcessorRegistrationDelegate.invokeBeanDefinitionRegistryPostProcessors(PostProcessorRegistrationDelegate.java:311)
	at org.springframework.context.support.PostProcessorRegistrationDelegate.invokeBeanFactoryPostProcessors(PostProcessorRegistrationDelegate.java:112)
	at org.springframework.context.support.AbstractApplicationContext.invokeBeanFactoryPostProcessors(AbstractApplicationContext.java:746)
	at org.springframework.context.support.AbstractApplicationContext.refresh(AbstractApplicationContext.java:564)
	at org.springframework.boot.web.servlet.context.ServletWebServerApplicationContext.refresh(ServletWebServerApplicationContext.java:147)
	at org.springframework.boot.SpringApplication.refresh(SpringApplication.java:734)
	at org.springframework.boot.SpringApplication.refreshContext(SpringApplication.java:408)
	at org.springframework.boot.SpringApplication.run(SpringApplication.java:308)
	at org.springframework.boot.SpringApplication.run(SpringApplication.java:1306)
	at org.springframework.boot.SpringApplication.run(SpringApplication.java:1295)
	at be.abvv.bali.member.MemberApplication.main(MemberApplication.java:19)
	at java.base/jdk.internal.reflect.NativeMethodAccessorImpl.invoke0(Native Method)
	at java.base/jdk.internal.reflect.NativeMethodAccessorImpl.invoke(NativeMethodAccessorImpl.java:77)
	at java.base/jdk.internal.reflect.DelegatingMethodAccessorImpl.invoke(DelegatingMethodAccessorImpl.java:43)
	at java.base/java.lang.reflect.Method.invoke(Method.java:568)
	at org.springframework.boot.devtools.restart.RestartLauncher.run(RestartLauncher.java:49)
Caused by: java.lang.IllegalArgumentException: Unresolvable class definition for class [springfox.documentation.spring.web.OnServletBasedWebApplication]
	at org.springframework.util.ClassUtils.resolveClassName(ClassUtils.java:331)
	at org.springframework.context.annotation.ConditionEvaluator.getCondition(ConditionEvaluator.java:124)
	at org.springframework.context.annotation.ConditionEvaluator.shouldSkip(ConditionEvaluator.java:96)
	at org.springframework.context.annotation.ConditionEvaluator.shouldSkip(ConditionEvaluator.java:88)
	at org.springframework.context.annotation.ConditionEvaluator.shouldSkip(ConditionEvaluator.java:71)
	at org.springframework.context.annotation.ClassPathScanningCandidateComponentProvider.isConditionMatch(ClassPathScanningCandidateComponentProvider.java:512)
	at org.springframework.context.annotation.ClassPathScanningCandidateComponentProvider.isCandidateComponent(ClassPathScanningCandidateComponentProvider.java:495)
	at org.springframework.context.annotation.ClassPathScanningCandidateComponentProvider.scanCandidateComponents(ClassPathScanningCandidateComponentProvider.java:430)
	... 34 common frames omitted
Caused by: java.lang.NoClassDefFoundError: springfox/documentation/common/ClassPresentInClassPathCondition
	at java.base/java.lang.ClassLoader.defineClass1(Native Method)
	at java.base/java.lang.ClassLoader.defineClass(ClassLoader.java:1012)
	at java.base/java.security.SecureClassLoader.defineClass(SecureClassLoader.java:150)
	at java.base/jdk.internal.loader.BuiltinClassLoader.defineClass(BuiltinClassLoader.java:862)
	at java.base/jdk.internal.loader.BuiltinClassLoader.findClassOnClassPathOrNull(BuiltinClassLoader.java:760)
	at java.base/jdk.internal.loader.BuiltinClassLoader.loadClassOrNull(BuiltinClassLoader.java:681)
	at java.base/jdk.internal.loader.BuiltinClassLoader.loadClass(BuiltinClassLoader.java:639)
	at java.base/jdk.internal.loader.ClassLoaders$AppClassLoader.loadClass(ClassLoaders.java:188)
	at java.base/java.lang.ClassLoader.loadClass(ClassLoader.java:520)
	at java.base/java.lang.Class.forName0(Native Method)
	at java.base/java.lang.Class.forName(Class.java:467)
	at org.springframework.boot.devtools.restart.classloader.RestartClassLoader.loadClass(RestartClassLoader.java:145)
	at java.base/java.lang.ClassLoader.loadClass(ClassLoader.java:520)
	at java.base/java.lang.Class.forName0(Native Method)
	at java.base/java.lang.Class.forName(Class.java:467)
	at org.springframework.util.ClassUtils.forName(ClassUtils.java:284)
	at org.springframework.util.ClassUtils.resolveClassName(ClassUtils.java:324)
	... 41 common frames omitted
Caused by: java.lang.ClassNotFoundException: springfox.documentation.common.ClassPresentInClassPathCondition
	at java.base/jdk.internal.loader.BuiltinClassLoader.loadClass(BuiltinClassLoader.java:641)
	at java.base/jdk.internal.loader.ClassLoaders$AppClassLoader.loadClass(ClassLoaders.java:188)
	at java.base/java.lang.ClassLoader.loadClass(ClassLoader.java:520)
	... 58 common frames omitted
2022-11-15 13:08:23,292 INFO org.springframework.boot.StartupInfoLogger "trace": "" "span": "" [restartedMain] Starting MemberApplication using Java 17.0.4.1 on T00LNRECC with PID 12404 (D:\Dev\Repository\PocArchitectureNico\member\target\classes started by T00NRECC in D:\Dev\Repository\PocArchitectureNico\member)
2022-11-15 13:08:23,293 INFO org.springframework.boot.SpringApplication "trace": "" "span": "" [restartedMain] No active profile set, falling back to 1 default profile: "default"
2022-11-15 13:08:23,324 INFO org.springframework.boot.logging.DeferredLog "trace": "" "span": "" [restartedMain] The Class-Path manifest attribute in D:\Dev\tools\apache-maven-3.6.3\.m2\repository\com\ibm\db2\jcc\11.5.7.0\jcc-11.5.7.0.jar referenced one or more files that do not exist: file:/D:/Dev/tools/apache-maven-3.6.3/.m2/repository/com/ibm/db2/jcc/11.5.7.0/pdq.jar
2022-11-15 13:08:23,325 INFO org.springframework.boot.logging.DeferredLog "trace": "" "span": "" [restartedMain] Devtools property defaults active! Set 'spring.devtools.add-properties' to 'false' to disable
2022-11-15 13:08:23,325 INFO org.springframework.boot.logging.DeferredLog "trace": "" "span": "" [restartedMain] For additional web related logging consider setting the 'logging.level.web' property to 'DEBUG'
2022-11-15 13:08:23,662 WARN org.springframework.context.support.AbstractApplicationContext "trace": "" "span": "" [restartedMain] Exception encountered during context initialization - cancelling refresh attempt: org.springframework.beans.factory.BeanDefinitionStoreException: Failed to read candidate component class: URL [jar:file:/D:/Dev/tools/apache-maven-3.6.3/.m2/repository/io/springfox/springfox-oas/3.0.0/springfox-oas-3.0.0.jar!/springfox/documentation/oas/web/OpenApiControllerWebMvc.class]; nested exception is java.lang.IllegalArgumentException: Unresolvable class definition for class [springfox.documentation.spring.web.OnServletBasedWebApplication]
2022-11-15 13:08:23,670 INFO org.springframework.boot.autoconfigure.logging.ConditionEvaluationReportLoggingListener "trace": "" "span": "" [restartedMain] 

Error starting ApplicationContext. To display the conditions report re-run your application with 'debug' enabled.
2022-11-15 13:08:23,683 ERROR org.springframework.boot.SpringApplication "trace": "" "span": "" [restartedMain] Application run failed
org.springframework.beans.factory.BeanDefinitionStoreException: Failed to read candidate component class: URL [jar:file:/D:/Dev/tools/apache-maven-3.6.3/.m2/repository/io/springfox/springfox-oas/3.0.0/springfox-oas-3.0.0.jar!/springfox/documentation/oas/web/OpenApiControllerWebMvc.class]; nested exception is java.lang.IllegalArgumentException: Unresolvable class definition for class [springfox.documentation.spring.web.OnServletBasedWebApplication]
	at org.springframework.context.annotation.ClassPathScanningCandidateComponentProvider.scanCandidateComponents(ClassPathScanningCandidateComponentProvider.java:457)
	at org.springframework.context.annotation.ClassPathScanningCandidateComponentProvider.findCandidateComponents(ClassPathScanningCandidateComponentProvider.java:316)
	at org.springframework.context.annotation.ClassPathBeanDefinitionScanner.doScan(ClassPathBeanDefinitionScanner.java:276)
	at org.springframework.context.annotation.ComponentScanAnnotationParser.parse(ComponentScanAnnotationParser.java:128)
	at org.springframework.context.annotation.ConfigurationClassParser.doProcessConfigurationClass(ConfigurationClassParser.java:295)
	at org.springframework.context.annotation.ConfigurationClassParser.processConfigurationClass(ConfigurationClassParser.java:249)
	at org.springframework.context.annotation.ConfigurationClassParser.processImports(ConfigurationClassParser.java:599)
	at org.springframework.context.annotation.ConfigurationClassParser.doProcessConfigurationClass(ConfigurationClassParser.java:310)
	at org.springframework.context.annotation.ConfigurationClassParser.processConfigurationClass(ConfigurationClassParser.java:249)
	at org.springframework.context.annotation.ConfigurationClassParser.processImports(ConfigurationClassParser.java:599)
	at org.springframework.context.annotation.ConfigurationClassParser.access$800(ConfigurationClassParser.java:110)
	at org.springframework.context.annotation.ConfigurationClassParser$DeferredImportSelectorGroupingHandler.lambda$processGroupImports$1(ConfigurationClassParser.java:812)
	at java.base/java.util.ArrayList.forEach(ArrayList.java:1511)
	at org.springframework.context.annotation.ConfigurationClassParser$DeferredImportSelectorGroupingHandler.processGroupImports(ConfigurationClassParser.java:809)
	at org.springframework.context.annotation.ConfigurationClassParser$DeferredImportSelectorHandler.process(ConfigurationClassParser.java:780)
	at org.springframework.context.annotation.ConfigurationClassParser.parse(ConfigurationClassParser.java:192)
	at org.springframework.context.annotation.ConfigurationClassPostProcessor.processConfigBeanDefinitions(ConfigurationClassPostProcessor.java:331)
	at org.springframework.context.annotation.ConfigurationClassPostProcessor.postProcessBeanDefinitionRegistry(ConfigurationClassPostProcessor.java:247)
	at org.springframework.context.support.PostProcessorRegistrationDelegate.invokeBeanDefinitionRegistryPostProcessors(PostProcessorRegistrationDelegate.java:311)
	at org.springframework.context.support.PostProcessorRegistrationDelegate.invokeBeanFactoryPostProcessors(PostProcessorRegistrationDelegate.java:112)
	at org.springframework.context.support.AbstractApplicationContext.invokeBeanFactoryPostProcessors(AbstractApplicationContext.java:746)
	at org.springframework.context.support.AbstractApplicationContext.refresh(AbstractApplicationContext.java:564)
	at org.springframework.boot.web.servlet.context.ServletWebServerApplicationContext.refresh(ServletWebServerApplicationContext.java:147)
	at org.springframework.boot.SpringApplication.refresh(SpringApplication.java:734)
	at org.springframework.boot.SpringApplication.refreshContext(SpringApplication.java:408)
	at org.springframework.boot.SpringApplication.run(SpringApplication.java:308)
	at org.springframework.boot.SpringApplication.run(SpringApplication.java:1306)
	at org.springframework.boot.SpringApplication.run(SpringApplication.java:1295)
	at be.abvv.bali.member.MemberApplication.main(MemberApplication.java:19)
	at java.base/jdk.internal.reflect.NativeMethodAccessorImpl.invoke0(Native Method)
	at java.base/jdk.internal.reflect.NativeMethodAccessorImpl.invoke(NativeMethodAccessorImpl.java:77)
	at java.base/jdk.internal.reflect.DelegatingMethodAccessorImpl.invoke(DelegatingMethodAccessorImpl.java:43)
	at java.base/java.lang.reflect.Method.invoke(Method.java:568)
	at org.springframework.boot.devtools.restart.RestartLauncher.run(RestartLauncher.java:49)
Caused by: java.lang.IllegalArgumentException: Unresolvable class definition for class [springfox.documentation.spring.web.OnServletBasedWebApplication]
	at org.springframework.util.ClassUtils.resolveClassName(ClassUtils.java:331)
	at org.springframework.context.annotation.ConditionEvaluator.getCondition(ConditionEvaluator.java:124)
	at org.springframework.context.annotation.ConditionEvaluator.shouldSkip(ConditionEvaluator.java:96)
	at org.springframework.context.annotation.ConditionEvaluator.shouldSkip(ConditionEvaluator.java:88)
	at org.springframework.context.annotation.ConditionEvaluator.shouldSkip(ConditionEvaluator.java:71)
	at org.springframework.context.annotation.ClassPathScanningCandidateComponentProvider.isConditionMatch(ClassPathScanningCandidateComponentProvider.java:512)
	at org.springframework.context.annotation.ClassPathScanningCandidateComponentProvider.isCandidateComponent(ClassPathScanningCandidateComponentProvider.java:495)
	at org.springframework.context.annotation.ClassPathScanningCandidateComponentProvider.scanCandidateComponents(ClassPathScanningCandidateComponentProvider.java:430)
	... 33 common frames omitted
Caused by: java.lang.NoClassDefFoundError: springfox/documentation/common/ClassPresentInClassPathCondition
	at java.base/java.lang.ClassLoader.defineClass1(Native Method)
	at java.base/java.lang.ClassLoader.defineClass(ClassLoader.java:1012)
	at java.base/java.security.SecureClassLoader.defineClass(SecureClassLoader.java:150)
	at java.base/jdk.internal.loader.BuiltinClassLoader.defineClass(BuiltinClassLoader.java:862)
	at java.base/jdk.internal.loader.BuiltinClassLoader.findClassOnClassPathOrNull(BuiltinClassLoader.java:760)
	at java.base/jdk.internal.loader.BuiltinClassLoader.loadClassOrNull(BuiltinClassLoader.java:681)
	at java.base/jdk.internal.loader.BuiltinClassLoader.loadClass(BuiltinClassLoader.java:639)
	at java.base/jdk.internal.loader.ClassLoaders$AppClassLoader.loadClass(ClassLoaders.java:188)
	at java.base/java.lang.ClassLoader.loadClass(ClassLoader.java:520)
	at java.base/java.lang.Class.forName0(Native Method)
	at java.base/java.lang.Class.forName(Class.java:467)
	at org.springframework.boot.devtools.restart.classloader.RestartClassLoader.loadClass(RestartClassLoader.java:145)
	at java.base/java.lang.ClassLoader.loadClass(ClassLoader.java:520)
	at java.base/java.lang.Class.forName0(Native Method)
	at java.base/java.lang.Class.forName(Class.java:467)
	at org.springframework.util.ClassUtils.forName(ClassUtils.java:284)
	at org.springframework.util.ClassUtils.resolveClassName(ClassUtils.java:324)
	... 40 common frames omitted
Caused by: java.lang.ClassNotFoundException: springfox.documentation.common.ClassPresentInClassPathCondition
	at java.base/jdk.internal.loader.BuiltinClassLoader.loadClass(BuiltinClassLoader.java:641)
	at java.base/jdk.internal.loader.ClassLoaders$AppClassLoader.loadClass(ClassLoaders.java:188)
	at java.base/java.lang.ClassLoader.loadClass(ClassLoader.java:520)
	... 57 common frames omitted
